<?xml version="1.0" encoding="UTF-8"?>
<!-- Generated by org.testng.reporters.JUnitReportReporter -->
<testsuite hostname="DESKTOP-J585NT9" failures="0" tests="1" name="com.guru99.testcases.screenshotTest" time="53.915" errors="0" timestamp="2022-08-14T15:25:39 IST" skipped="0">
  <testcase classname="com.guru99.testcases.screenshotTest" name="homepagescreenshot" time="53.915"/>
  <system-out/>
</testsuite> <!-- com.guru99.testcases.screenshotTest -->
